c:\moddebuggerforwin\moddebuggerforwin\release\vc143.pdb
c:\moddebuggerforwin\moddebuggerforwin\release\winform.obj
c:\moddebuggerforwin\moddebuggerforwin\release\textlabel.obj
c:\moddebuggerforwin\moddebuggerforwin\release\textbox.obj
c:\moddebuggerforwin\moddebuggerforwin\release\regexbox.obj
c:\moddebuggerforwin\moddebuggerforwin\release\recievebutton.obj
c:\moddebuggerforwin\moddebuggerforwin\release\onigregex.obj
c:\moddebuggerforwin\moddebuggerforwin\release\moddebugger.obj
c:\moddebuggerforwin\moddebuggerforwin\release\getprocess.obj
c:\moddebuggerforwin\moddebuggerforwin\release\clearbutton.obj
c:\moddebuggerforwin\moddebuggerforwin\release\iso8859_7.obj
c:\moddebuggerforwin\moddebuggerforwin\release\iso8859_6.obj
c:\moddebuggerforwin\moddebuggerforwin\release\iso8859_5.obj
c:\moddebuggerforwin\moddebuggerforwin\release\iso8859_4.obj
c:\moddebuggerforwin\moddebuggerforwin\release\iso8859_3.obj
c:\moddebuggerforwin\moddebuggerforwin\release\iso8859_2.obj
c:\moddebuggerforwin\moddebuggerforwin\release\iso8859_16.obj
c:\moddebuggerforwin\moddebuggerforwin\release\iso8859_15.obj
c:\moddebuggerforwin\moddebuggerforwin\release\iso8859_14.obj
c:\moddebuggerforwin\moddebuggerforwin\release\iso8859_13.obj
c:\moddebuggerforwin\moddebuggerforwin\release\iso8859_11.obj
c:\moddebuggerforwin\moddebuggerforwin\release\iso8859_10.obj
c:\moddebuggerforwin\moddebuggerforwin\release\iso8859_1.obj
c:\moddebuggerforwin\moddebuggerforwin\release\gb18030.obj
c:\moddebuggerforwin\moddebuggerforwin\release\euc_tw.obj
c:\moddebuggerforwin\moddebuggerforwin\release\euc_kr.obj
c:\moddebuggerforwin\moddebuggerforwin\release\euc_jp.obj
c:\moddebuggerforwin\moddebuggerforwin\release\cp1251.obj
c:\moddebuggerforwin\moddebuggerforwin\release\big5.obj
c:\moddebuggerforwin\moddebuggerforwin\release\ascii.obj
c:\moddebuggerforwin\moddebuggerforwin\release\utf16_be.obj
c:\moddebuggerforwin\moddebuggerforwin\release\unicode.obj
c:\moddebuggerforwin\moddebuggerforwin\release\st.obj
c:\moddebuggerforwin\moddebuggerforwin\release\sjis.obj
c:\moddebuggerforwin\moddebuggerforwin\release\regversion.obj
c:\moddebuggerforwin\moddebuggerforwin\release\regtrav.obj
c:\moddebuggerforwin\moddebuggerforwin\release\regsyntax.obj
c:\moddebuggerforwin\moddebuggerforwin\release\regposix.obj
c:\moddebuggerforwin\moddebuggerforwin\release\regposerr.obj
c:\moddebuggerforwin\moddebuggerforwin\release\regparse.obj
c:\moddebuggerforwin\moddebuggerforwin\release\reggnu.obj
c:\moddebuggerforwin\moddebuggerforwin\release\regext.obj
c:\moddebuggerforwin\moddebuggerforwin\release\regexec.obj
c:\moddebuggerforwin\moddebuggerforwin\release\regerror.obj
c:\moddebuggerforwin\moddebuggerforwin\release\regenc.obj
c:\moddebuggerforwin\moddebuggerforwin\release\regcomp.obj
c:\moddebuggerforwin\moddebuggerforwin\release\koi8_r.obj
c:\moddebuggerforwin\moddebuggerforwin\release\koi8.obj
c:\moddebuggerforwin\moddebuggerforwin\release\iso8859_9.obj
c:\moddebuggerforwin\moddebuggerforwin\release\iso8859_8.obj
c:\moddebuggerforwin\moddebuggerforwin\release\utf8.obj
c:\moddebuggerforwin\moddebuggerforwin\release\utf32_le.obj
c:\moddebuggerforwin\moddebuggerforwin\release\utf32_be.obj
c:\moddebuggerforwin\moddebuggerforwin\release\utf16_le.obj
c:\moddebuggerforwin\release\moddebugger.exe
c:\moddebuggerforwin\moddebuggerforwin\release\moddebugger.ipdb
c:\moddebuggerforwin\moddebuggerforwin\release\moddebugger.iobj
c:\moddebuggerforwin\moddebuggerforwin\release\moddebuggerforwin.res
c:\moddebuggerforwin\moddebuggerforwin\release\moddebugger.tlog\cl.command.1.tlog
c:\moddebuggerforwin\moddebuggerforwin\release\moddebugger.tlog\cl.items.tlog
c:\moddebuggerforwin\moddebuggerforwin\release\moddebugger.tlog\cl.read.1.tlog
c:\moddebuggerforwin\moddebuggerforwin\release\moddebugger.tlog\cl.write.1.tlog
c:\moddebuggerforwin\moddebuggerforwin\release\moddebugger.tlog\link.command.1.tlog
c:\moddebuggerforwin\moddebuggerforwin\release\moddebugger.tlog\link.read.1.tlog
c:\moddebuggerforwin\moddebuggerforwin\release\moddebugger.tlog\link.write.1.tlog
c:\moddebuggerforwin\moddebuggerforwin\release\moddebugger.tlog\rc.command.1.tlog
c:\moddebuggerforwin\moddebuggerforwin\release\moddebugger.tlog\rc.read.1.tlog
c:\moddebuggerforwin\moddebuggerforwin\release\moddebugger.tlog\rc.write.1.tlog
