g:\repogitory_jp\nobu7_mod_moddebugger\src\moddebuggerforwin\release\vc143.pdb
g:\repogitory_jp\nobu7_mod_moddebugger\src\moddebuggerforwin\release\winform.obj
g:\repogitory_jp\nobu7_mod_moddebugger\src\moddebuggerforwin\release\textlabel.obj
g:\repogitory_jp\nobu7_mod_moddebugger\src\moddebuggerforwin\release\textbox.obj
g:\repogitory_jp\nobu7_mod_moddebugger\src\moddebuggerforwin\release\regexbox.obj
g:\repogitory_jp\nobu7_mod_moddebugger\src\moddebuggerforwin\release\recievebutton.obj
g:\repogitory_jp\nobu7_mod_moddebugger\src\moddebuggerforwin\release\onigregex.obj
g:\repogitory_jp\nobu7_mod_moddebugger\src\moddebuggerforwin\release\moddebugger.obj
g:\repogitory_jp\nobu7_mod_moddebugger\src\moddebuggerforwin\release\getprocess.obj
g:\repogitory_jp\nobu7_mod_moddebugger\src\moddebuggerforwin\release\clearbutton.obj
g:\repogitory_jp\nobu7_mod_moddebugger\src\moddebuggerforwin\release\iso8859_7.obj
g:\repogitory_jp\nobu7_mod_moddebugger\src\moddebuggerforwin\release\iso8859_6.obj
g:\repogitory_jp\nobu7_mod_moddebugger\src\moddebuggerforwin\release\iso8859_5.obj
g:\repogitory_jp\nobu7_mod_moddebugger\src\moddebuggerforwin\release\iso8859_4.obj
g:\repogitory_jp\nobu7_mod_moddebugger\src\moddebuggerforwin\release\iso8859_3.obj
g:\repogitory_jp\nobu7_mod_moddebugger\src\moddebuggerforwin\release\iso8859_2.obj
g:\repogitory_jp\nobu7_mod_moddebugger\src\moddebuggerforwin\release\iso8859_16.obj
g:\repogitory_jp\nobu7_mod_moddebugger\src\moddebuggerforwin\release\iso8859_15.obj
g:\repogitory_jp\nobu7_mod_moddebugger\src\moddebuggerforwin\release\iso8859_14.obj
g:\repogitory_jp\nobu7_mod_moddebugger\src\moddebuggerforwin\release\iso8859_13.obj
g:\repogitory_jp\nobu7_mod_moddebugger\src\moddebuggerforwin\release\iso8859_11.obj
g:\repogitory_jp\nobu7_mod_moddebugger\src\moddebuggerforwin\release\iso8859_10.obj
g:\repogitory_jp\nobu7_mod_moddebugger\src\moddebuggerforwin\release\iso8859_1.obj
g:\repogitory_jp\nobu7_mod_moddebugger\src\moddebuggerforwin\release\gb18030.obj
g:\repogitory_jp\nobu7_mod_moddebugger\src\moddebuggerforwin\release\euc_tw.obj
g:\repogitory_jp\nobu7_mod_moddebugger\src\moddebuggerforwin\release\euc_kr.obj
g:\repogitory_jp\nobu7_mod_moddebugger\src\moddebuggerforwin\release\euc_jp.obj
g:\repogitory_jp\nobu7_mod_moddebugger\src\moddebuggerforwin\release\cp1251.obj
g:\repogitory_jp\nobu7_mod_moddebugger\src\moddebuggerforwin\release\big5.obj
g:\repogitory_jp\nobu7_mod_moddebugger\src\moddebuggerforwin\release\ascii.obj
g:\repogitory_jp\nobu7_mod_moddebugger\src\moddebuggerforwin\release\utf16_be.obj
g:\repogitory_jp\nobu7_mod_moddebugger\src\moddebuggerforwin\release\unicode.obj
g:\repogitory_jp\nobu7_mod_moddebugger\src\moddebuggerforwin\release\st.obj
g:\repogitory_jp\nobu7_mod_moddebugger\src\moddebuggerforwin\release\sjis.obj
g:\repogitory_jp\nobu7_mod_moddebugger\src\moddebuggerforwin\release\regversion.obj
g:\repogitory_jp\nobu7_mod_moddebugger\src\moddebuggerforwin\release\regtrav.obj
g:\repogitory_jp\nobu7_mod_moddebugger\src\moddebuggerforwin\release\regsyntax.obj
g:\repogitory_jp\nobu7_mod_moddebugger\src\moddebuggerforwin\release\regposix.obj
g:\repogitory_jp\nobu7_mod_moddebugger\src\moddebuggerforwin\release\regposerr.obj
g:\repogitory_jp\nobu7_mod_moddebugger\src\moddebuggerforwin\release\regparse.obj
g:\repogitory_jp\nobu7_mod_moddebugger\src\moddebuggerforwin\release\reggnu.obj
g:\repogitory_jp\nobu7_mod_moddebugger\src\moddebuggerforwin\release\regext.obj
g:\repogitory_jp\nobu7_mod_moddebugger\src\moddebuggerforwin\release\regexec.obj
g:\repogitory_jp\nobu7_mod_moddebugger\src\moddebuggerforwin\release\regerror.obj
g:\repogitory_jp\nobu7_mod_moddebugger\src\moddebuggerforwin\release\regenc.obj
g:\repogitory_jp\nobu7_mod_moddebugger\src\moddebuggerforwin\release\regcomp.obj
g:\repogitory_jp\nobu7_mod_moddebugger\src\moddebuggerforwin\release\koi8_r.obj
g:\repogitory_jp\nobu7_mod_moddebugger\src\moddebuggerforwin\release\koi8.obj
g:\repogitory_jp\nobu7_mod_moddebugger\src\moddebuggerforwin\release\iso8859_9.obj
g:\repogitory_jp\nobu7_mod_moddebugger\src\moddebuggerforwin\release\iso8859_8.obj
g:\repogitory_jp\nobu7_mod_moddebugger\src\moddebuggerforwin\release\utf8.obj
g:\repogitory_jp\nobu7_mod_moddebugger\src\moddebuggerforwin\release\utf32_le.obj
g:\repogitory_jp\nobu7_mod_moddebugger\src\moddebuggerforwin\release\utf32_be.obj
g:\repogitory_jp\nobu7_mod_moddebugger\src\moddebuggerforwin\release\utf16_le.obj
g:\repogitory_jp\nobu7_mod_moddebugger\src\release\n8moddebugger.exe
g:\repogitory_jp\nobu7_mod_moddebugger\src\moddebuggerforwin\release\n8moddebugger.ipdb
g:\repogitory_jp\nobu7_mod_moddebugger\src\moddebuggerforwin\release\n8moddebugger.iobj
g:\repogitory_jp\nobu7_mod_moddebugger\src\moddebuggerforwin\release\moddebuggerforwin.res
g:\repogitory_jp\nobu7_mod_moddebugger\src\moddebuggerforwin\release\n8moddebugger.tlog\cl.command.1.tlog
g:\repogitory_jp\nobu7_mod_moddebugger\src\moddebuggerforwin\release\n8moddebugger.tlog\cl.items.tlog
g:\repogitory_jp\nobu7_mod_moddebugger\src\moddebuggerforwin\release\n8moddebugger.tlog\cl.read.1.tlog
g:\repogitory_jp\nobu7_mod_moddebugger\src\moddebuggerforwin\release\n8moddebugger.tlog\cl.write.1.tlog
g:\repogitory_jp\nobu7_mod_moddebugger\src\moddebuggerforwin\release\n8moddebugger.tlog\link.command.1.tlog
g:\repogitory_jp\nobu7_mod_moddebugger\src\moddebuggerforwin\release\n8moddebugger.tlog\link.read.1.tlog
g:\repogitory_jp\nobu7_mod_moddebugger\src\moddebuggerforwin\release\n8moddebugger.tlog\link.write.1.tlog
g:\repogitory_jp\nobu7_mod_moddebugger\src\moddebuggerforwin\release\n8moddebugger.tlog\rc.command.1.tlog
g:\repogitory_jp\nobu7_mod_moddebugger\src\moddebuggerforwin\release\n8moddebugger.tlog\rc.read.1.tlog
g:\repogitory_jp\nobu7_mod_moddebugger\src\moddebuggerforwin\release\n8moddebugger.tlog\rc.write.1.tlog
